TN:
SF:api\validar.js
FN:7,handler
FNF:1
FNH:0
FNDA:0,handler
DA:9,0
DA:10,0
DA:13,0
DA:16,0
DA:17,0
DA:21,0
DA:22,0
DA:26,0
DA:27,0
DA:28,0
DA:29,0
DA:30,0
DA:31,0
DA:33,0
DA:36,0
LF:15
LH:0
BRDA:9,0,0,0
BRDA:9,0,1,0
BRDA:13,1,0,0
BRDA:13,1,1,0
BRDA:16,2,0,0
BRDA:16,2,1,0
BRDA:16,3,0,0
BRDA:16,3,1,0
BRDA:26,4,0,0
BRDA:26,4,1,0
BRDA:26,5,0,0
BRDA:26,5,1,0
BRDA:28,6,0,0
BRDA:28,6,1,0
BRDA:28,7,0,0
BRDA:28,7,1,0
BRDA:30,8,0,0
BRDA:30,8,1,0
BRF:18
BRH:0
end_of_record
TN:
SF:src\validador.js
FN:1,validarEmail
FN:6,validarPassword
FNF:2
FNH:2
FNDA:3,validarEmail
FNDA:3,validarPassword
DA:2,3
DA:3,3
DA:7,3
LF:3
LH:3
BRDA:7,0,0,3
BRDA:7,0,1,2
BRDA:7,0,2,1
BRF:3
BRH:3
end_of_record
